Added Component: Designator=LED4(LED0805_GREEN)
Add component. Clean all parameters for all variants
Add component (AddParameter): Name = "BOM_Manufacturer"; Value = "EVERLIGHT(Ì¨ÍåÒÚ¹â)"; VariantName = "[No Variations]"
Add component (AddParameter): Name = "BOM_Manufacturer Part"; Value = "19-217/GHC-YR1S2/3T"; VariantName = "[No Variations]"
Add component (AddParameter): Name = "BOM_Supplier"; Value = "LCSC"; VariantName = "[No Variations]"
Add component (AddParameter): Name = "BOM_Supplier Part"; Value = "C72043"; VariantName = "[No Variations]"
Add component (AddParameter): Name = "Contributor"; Value = "LCEDA_Lib"; VariantName = "[No Variations]"
Add component (AddParameter): Name = "link"; Value = ""; VariantName = "[No Variations]"
Add component (AddParameter): Name = "spicePre"; Value = "L"; VariantName = "[No Variations]"
Add component (AddParameter): Name = "spiceSymbolName"; Value = "LED-0603_G"; VariantName = "[No Variations]"
Added Component: Designator=R12(R0805)
Add component. Clean all parameters for all variants
Add component (AddParameter): Name = "BOM_Manufacturer Part"; Value = ""; VariantName = "[No Variations]"
Add component (AddParameter): Name = "BOM_Supplier"; Value = ""; VariantName = "[No Variations]"
Add component (AddParameter): Name = "BOM_Supplier Part"; Value = ""; VariantName = "[No Variations]"
Add component (AddParameter): Name = "Contributor"; Value = "LCEDA_Lib"; VariantName = "[No Variations]"
Add component (AddParameter): Name = "nameAlias"; Value = "Value(¦¸)"; VariantName = "[No Variations]"
Add component (AddParameter): Name = "spicePre"; Value = "R"; VariantName = "[No Variations]"
Add component (AddParameter): Name = "spiceSymbolName"; Value = "R_2512_EU"; VariantName = "[No Variations]"
Added Pin To Net: NetName=+5V Pin=C1-2
Added Pin To Net: NetName=+5V Pin=MCU1-38
Added Pin To Net: NetName=+5V Pin=R12-2
Added Pin To Net: NetName=+5V Pin=R15-2
Added Pin To Net: NetName=+5V Pin=U1-8
Added Pin To Net: NetName=+5V Pin=U2-8
Added Pin To Net: NetName=+5V Pin=U3-3
Added Pin To Net: NetName=+5V Pin=U4-8
Added Net: Name=+5V
Added Pin To Net: NetName=ADC0 Pin=MCU1-5
Added Pin To Net: NetName=ADC0 Pin=U1-1
Added Pin To Net: NetName=ADC0 Pin=U1-2
Added Net: Name=ADC0
Added Pin To Net: NetName=ADC1 Pin=MCU1-6
Added Pin To Net: NetName=ADC1 Pin=U1-6
Added Pin To Net: NetName=ADC1 Pin=U1-7
Added Net: Name=ADC1
Added Pin To Net: NetName=ADC2 Pin=MCU1-7
Added Pin To Net: NetName=ADC2 Pin=U2-6
Added Pin To Net: NetName=ADC2 Pin=U2-7
Added Net: Name=ADC2
Added Pin To Net: NetName=GND Pin=C1-1
Added Pin To Net: NetName=GND Pin=LED3-2
Added Pin To Net: NetName=GND Pin=LED4-2
Added Pin To Net: NetName=GND Pin=MCU1-19
Added Pin To Net: NetName=GND Pin=MCU1-20
Added Pin To Net: NetName=GND Pin=MCU1-39
Added Pin To Net: NetName=GND Pin=PCB1-1
Added Pin To Net: NetName=GND Pin=R2-2
Added Pin To Net: NetName=GND Pin=R9-1
Added Pin To Net: NetName=GND Pin=R11-1
Added Pin To Net: NetName=GND Pin=U1-4
Added Pin To Net: NetName=GND Pin=U2-4
Added Pin To Net: NetName=GND Pin=U3-2
Added Pin To Net: NetName=GND Pin=U4-5
Added Net: Name=GND
Added Pin To Net: NetName=I2C_SCL Pin=MCU1-34
Added Pin To Net: NetName=I2C_SCL Pin=PCB1-3
Added Net: Name=I2C_SCL
Added Pin To Net: NetName=I2C_SDA Pin=MCU1-35
Added Pin To Net: NetName=I2C_SDA Pin=PCB1-4
Added Net: Name=I2C_SDA
Added Pin To Net: NetName=NetJP1_1 Pin=JP1-1
Added Pin To Net: NetName=NetJP1_1 Pin=P1-1
Added Pin To Net: NetName=NetJP1_1 Pin=R7-1
Added Net: Name=NetJP1_1
Added Pin To Net: NetName=NetJP1_2 Pin=JP1-2
Added Pin To Net: NetName=NetJP1_2 Pin=R1-2
Added Pin To Net: NetName=NetJP1_2 Pin=U3-4
Added Net: Name=NetJP1_2
Added Pin To Net: NetName=NetLED1_2 Pin=LED1-2
Added Pin To Net: NetName=NetLED1_2 Pin=LED2-1
Added Pin To Net: NetName=NetLED1_2 Pin=R7-2
Added Net: Name=NetLED1_2
Added Pin To Net: NetName=NetLED3_1 Pin=LED3-1
Added Pin To Net: NetName=NetLED3_1 Pin=R10-1
Added Net: Name=NetLED3_1
Added Pin To Net: NetName=NetLED4_1 Pin=LED4-1
Added Pin To Net: NetName=NetLED4_1 Pin=R12-1
Added Net: Name=NetLED4_1
Added Pin To Net: NetName=NetR2_1 Pin=R2-1
Added Pin To Net: NetName=NetR2_1 Pin=U2-2
Added Net: Name=NetR2_1
Added Pin To Net: NetName=NetR3_1 Pin=R3-1
Added Pin To Net: NetName=NetR3_1 Pin=R5-1
Added Pin To Net: NetName=NetR3_1 Pin=U2-3
Added Net: Name=NetR3_1
Added Pin To Net: NetName=NetR4_1 Pin=R4-1
Added Pin To Net: NetName=NetR4_1 Pin=R5-2
Added Pin To Net: NetName=NetR4_1 Pin=R6-2
Added Net: Name=NetR4_1
Added Pin To Net: NetName=NetR13_1 Pin=R13-1
Added Pin To Net: NetName=NetR13_1 Pin=R14-2
Added Net: Name=NetR13_1
Added Pin To Net: NetName=NetU4_2 Pin=U4-2
Added Pin To Net: NetName=NetU4_2 Pin=U4-3
Added Net: Name=NetU4_2
Added Pin To Net: NetName=out0 Pin=U1-5
Added Pin To Net: NetName=out0 Pin=U3-6
Added Net: Name=out0
Added Pin To Net: NetName=out1 Pin=U2-1
Added Pin To Net: NetName=out1 Pin=U2-5
Added Net: Name=out1
Added Pin To Net: NetName=REF Pin=R3-2
Added Pin To Net: NetName=REF Pin=R8-1
Added Pin To Net: NetName=REF Pin=R9-2
Added Pin To Net: NetName=REF Pin=U1-3
Added Pin To Net: NetName=REF Pin=U3-1
Added Net: Name=REF
Added Pin To Net: NetName=RS485_A Pin=P3-2
Added Pin To Net: NetName=RS485_A Pin=R11-2
Added Pin To Net: NetName=RS485_A Pin=R13-2
Added Pin To Net: NetName=RS485_A Pin=U4-7
Added Net: Name=RS485_A
Added Pin To Net: NetName=RS485_B Pin=P3-1
Added Pin To Net: NetName=RS485_B Pin=R14-1
Added Pin To Net: NetName=RS485_B Pin=R15-1
Added Pin To Net: NetName=RS485_B Pin=U4-6
Added Net: Name=RS485_B
Added Pin To Net: NetName=RXD Pin=MCU1-26
Added Pin To Net: NetName=RXD Pin=U4-1
Added Net: Name=RXD
Added Pin To Net: NetName=TXD Pin=MCU1-27
Added Pin To Net: NetName=TXD Pin=U4-4
Added Net: Name=TXD
Added Pin To Net: NetName=V3.3 Pin=MCU1-18
Added Pin To Net: NetName=V3.3 Pin=MCU1-40
Added Pin To Net: NetName=V3.3 Pin=PCB1-2
Added Pin To Net: NetName=V3.3 Pin=R8-2
Added Pin To Net: NetName=V3.3 Pin=R10-2
Added Net: Name=V3.3
Added Pin To Net: NetName=V_IN+ Pin=LED1-1
Added Pin To Net: NetName=V_IN+ Pin=LED2-2
Added Pin To Net: NetName=V_IN+ Pin=P1-2
Added Pin To Net: NetName=V_IN+ Pin=P2-1
Added Pin To Net: NetName=V_IN+ Pin=R4-2
Added Net: Name=V_IN+
Added Pin To Net: NetName=V_IN- Pin=P2-2
Added Pin To Net: NetName=V_IN- Pin=R1-1
Added Pin To Net: NetName=V_IN- Pin=R6-1
Added Pin To Net: NetName=V_IN- Pin=U3-5
Added Net: Name=V_IN-
Added Class: Name=part_1_2020-12-24_12-20-03
Added Room: Name=part_1_2020-12-24_12-20-03
