Added Component: Designator=C1(C0805)
Added Component: Designator=JP1(HDR-F-2.54_1X2)
Added Component: Designator=KEY1(KEY-SMD_2P-L6.2-W3.6-LS8.0)
Added Component: Designator=KEY2(KEY-SMD_2P-L6.2-W3.6-LS8.0)
Added Component: Designator=KEY3(KEY-SMD_2P-L6.2-W3.6-LS8.0)
Added Component: Designator=KEY4(KEY-SMD_2P-L6.2-W3.6-LS8.0)
Added Component: Designator=LED1(LED0805_GREEN)
Added Component: Designator=LED2(LED0805_GREEN)
Added Component: Designator=LED3(LED0805_GREEN)
Added Component: Designator=LED4(LED0805_GREEN)
Added Component: Designator=MCU1(STM32F103C8T6_BLUE-PILL)
Added Component: Designator=P1(CONN-TH_2P-P5.00)
Added Component: Designator=P2(CONN-TH_2P-P5.00)
Added Component: Designator=P3(CONN-TH_2P-P5.00)
Added Component: Designator=PCB1(SSD1306_GNDVCC)
Added Component: Designator=R1(R2512)
Added Component: Designator=R2(C0805)
Added Component: Designator=R3(C0805)
Added Component: Designator=R4(C0805)
Added Component: Designator=R5(C0805)
Added Component: Designator=R6(C0805)
Added Component: Designator=R7(C0805)
Added Component: Designator=R8(C0805)
Added Component: Designator=R9(C0805)
Added Component: Designator=R10(C0805)
Added Component: Designator=R11(R0805)
Added Component: Designator=R12(C0805)
Added Component: Designator=R13(R0805)
Added Component: Designator=R14(R0805)
Added Component: Designator=R15(R0805)
Added Component: Designator=U1(SOP-8_L4.9-W3.9-P1.27-LS6.0-BL)
Added Component: Designator=U2(SOP-8_L4.9-W3.9-P1.27-LS6.0-BL)
Added Component: Designator=U3(SOT-363_L2.0-W1.3-P0.65-LS2.1-BR)
Added Component: Designator=U4(SOIC-8_L4.9-W3.9-P1.27-LS6.0-BL)
Added Pin To Net: NetName=GND Pin=C1-1
Added Pin To Net: NetName=+5V Pin=C1-2
Added Pin To Net: NetName=GND Pin=KEY1-1
Added Pin To Net: NetName=GND Pin=KEY2-1
Added Pin To Net: NetName=GND Pin=KEY3-1
Added Pin To Net: NetName=GND Pin=KEY4-1
Added Pin To Net: NetName=V_IN+ Pin=LED1-1
Added Pin To Net: NetName=V_IN+ Pin=LED2-2
Added Pin To Net: NetName=GND Pin=LED3-2
Added Pin To Net: NetName=GND Pin=LED4-2
Added Pin To Net: NetName=ADC0 Pin=MCU1-5
Added Pin To Net: NetName=ADC1 Pin=MCU1-6
Added Pin To Net: NetName=ADC2 Pin=MCU1-7
Added Pin To Net: NetName=V3.3 Pin=MCU1-18
Added Pin To Net: NetName=GND Pin=MCU1-19
Added Pin To Net: NetName=GND Pin=MCU1-20
Added Pin To Net: NetName=RXD Pin=MCU1-26
Added Pin To Net: NetName=TXD Pin=MCU1-27
Added Pin To Net: NetName=I2C_SCL Pin=MCU1-34
Added Pin To Net: NetName=I2C_SDA Pin=MCU1-35
Added Pin To Net: NetName=+5V Pin=MCU1-38
Added Pin To Net: NetName=GND Pin=MCU1-39
Added Pin To Net: NetName=V_IN+ Pin=P1-2
Added Pin To Net: NetName=V_IN+ Pin=P2-1
Added Pin To Net: NetName=V_IN- Pin=P2-2
Added Pin To Net: NetName=RS485_A Pin=P3-1
Added Pin To Net: NetName=RS485_B Pin=P3-2
Added Pin To Net: NetName=GND Pin=PCB1-1
Added Pin To Net: NetName=V3.3 Pin=PCB1-2
Added Pin To Net: NetName=I2C_SDA Pin=PCB1-3
Added Pin To Net: NetName=I2C_SCL Pin=PCB1-4
Added Pin To Net: NetName=V_IN- Pin=R1-2
Added Pin To Net: NetName=GND Pin=R2-2
Added Pin To Net: NetName=REF Pin=R3-2
Added Pin To Net: NetName=V_IN+ Pin=R4-2
Added Pin To Net: NetName=V_IN- Pin=R6-1
Added Pin To Net: NetName=REF Pin=R8-1
Added Pin To Net: NetName=V3.3 Pin=R8-2
Added Pin To Net: NetName=GND Pin=R9-1
Added Pin To Net: NetName=REF Pin=R9-2
Added Pin To Net: NetName=V3.3 Pin=R10-2
Added Pin To Net: NetName=GND Pin=R11-1
Added Pin To Net: NetName=RS485_A Pin=R11-2
Added Pin To Net: NetName=+5V Pin=R12-2
Added Pin To Net: NetName=RS485_A Pin=R13-2
Added Pin To Net: NetName=RS485_B Pin=R14-1
Added Pin To Net: NetName=RS485_B Pin=R15-1
Added Pin To Net: NetName=+5V Pin=R15-2
Added Pin To Net: NetName=ADC0 Pin=U1-1
Added Pin To Net: NetName=ADC0 Pin=U1-2
Added Pin To Net: NetName=REF Pin=U1-3
Added Pin To Net: NetName=GND Pin=U1-4
Added Pin To Net: NetName=OUT0 Pin=U1-5
Added Pin To Net: NetName=ADC1 Pin=U1-6
Added Pin To Net: NetName=ADC1 Pin=U1-7
Added Pin To Net: NetName=+5V Pin=U1-8
Added Pin To Net: NetName=OUT1 Pin=U2-1
Added Pin To Net: NetName=GND Pin=U2-4
Added Pin To Net: NetName=OUT1 Pin=U2-5
Added Pin To Net: NetName=ADC2 Pin=U2-6
Added Pin To Net: NetName=ADC2 Pin=U2-7
Added Pin To Net: NetName=+5V Pin=U2-8
Added Pin To Net: NetName=REF Pin=U3-1
Added Pin To Net: NetName=GND Pin=U3-2
Added Pin To Net: NetName=+5V Pin=U3-3
Added Pin To Net: NetName=V_IN- Pin=U3-5
Added Pin To Net: NetName=OUT0 Pin=U3-6
Added Pin To Net: NetName=RXD Pin=U4-1
Added Pin To Net: NetName=TXD Pin=U4-4
Added Pin To Net: NetName=GND Pin=U4-5
Added Pin To Net: NetName=RS485_B Pin=U4-6
Added Pin To Net: NetName=RS485_A Pin=U4-7
Added Pin To Net: NetName=+5V Pin=U4-8
Added Pin To Net: NetName=NetJP1_1 Pin=JP1-1
Added Pin To Net: NetName=NetJP1_1 Pin=R1-1
Added Pin To Net: NetName=NetJP1_1 Pin=U3-4
Added Net: Name=NetJP1_1
Added Pin To Net: NetName=NetJP1_2 Pin=JP1-2
Added Pin To Net: NetName=NetJP1_2 Pin=P1-1
Added Pin To Net: NetName=NetJP1_2 Pin=R7-1
Added Net: Name=NetJP1_2
Added Pin To Net: NetName=NetKEY1_2 Pin=KEY1-2
Added Pin To Net: NetName=NetKEY1_2 Pin=MCU1-13
Added Net: Name=NetKEY1_2
Added Pin To Net: NetName=NetKEY2_2 Pin=KEY2-2
Added Pin To Net: NetName=NetKEY2_2 Pin=MCU1-14
Added Net: Name=NetKEY2_2
Added Pin To Net: NetName=NetKEY3_2 Pin=KEY3-2
Added Pin To Net: NetName=NetKEY3_2 Pin=MCU1-15
Added Net: Name=NetKEY3_2
Added Pin To Net: NetName=NetKEY4_2 Pin=KEY4-2
Added Pin To Net: NetName=NetKEY4_2 Pin=MCU1-16
Added Net: Name=NetKEY4_2
Added Pin To Net: NetName=NetLED1_2 Pin=LED1-2
Added Pin To Net: NetName=NetLED1_2 Pin=LED2-1
Added Pin To Net: NetName=NetLED1_2 Pin=R7-2
Added Net: Name=NetLED1_2
Added Pin To Net: NetName=NetLED3_1 Pin=LED3-1
Added Pin To Net: NetName=NetLED3_1 Pin=R10-1
Added Net: Name=NetLED3_1
Added Pin To Net: NetName=NetLED4_1 Pin=LED4-1
Added Pin To Net: NetName=NetLED4_1 Pin=R12-1
Added Net: Name=NetLED4_1
Added Pin To Net: NetName=NetR2_1 Pin=R2-1
Added Pin To Net: NetName=NetR2_1 Pin=U2-2
Added Net: Name=NetR2_1
Added Pin To Net: NetName=NetR3_1 Pin=R3-1
Added Pin To Net: NetName=NetR3_1 Pin=R5-1
Added Pin To Net: NetName=NetR3_1 Pin=U2-3
Added Net: Name=NetR3_1
Added Pin To Net: NetName=NetR4_1 Pin=R4-1
Added Pin To Net: NetName=NetR4_1 Pin=R5-2
Added Pin To Net: NetName=NetR4_1 Pin=R6-2
Added Net: Name=NetR4_1
Added Pin To Net: NetName=NetR13_1 Pin=R13-1
Added Pin To Net: NetName=NetR13_1 Pin=R14-2
Added Net: Name=NetR13_1
Added Pin To Net: NetName=NetU4_2 Pin=U4-2
Added Pin To Net: NetName=NetU4_2 Pin=U4-3
Added Net: Name=NetU4_2
Added Class: Name=part_1_2020-12-24_12-20-03
Added Room: Name=part_1_2020-12-24_12-20-03
