Change Component Designator: OldDesignator=LED3 NewDesignator=LED1
Change Component Designator: OldDesignator=R4 NewDesignator=R2
Change Component Designator: OldDesignator=R7 NewDesignator=R3
Change Component Designator: OldDesignator=R8 NewDesignator=R4
Change Component Designator: OldDesignator=R9 NewDesignator=R5
Change Component Designator: OldDesignator=R10 NewDesignator=R6
Change Component Designator: OldDesignator=R11 NewDesignator=R7
Change Component Designator: OldDesignator=R13 NewDesignator=R8
Change Component Designator: OldDesignator=R14 NewDesignator=R9
Change Component Designator: OldDesignator=R15 NewDesignator=R10
Added Component: Designator=KEY1(KEY-SMD_2P-L6.2-W3.6-LS8.0)
Add component. Clean all parameters for all variants
Add component (AddParameter): Name = "BOM_Manufacturer Part"; Value = "K2-1107ST-A4SW-06"; VariantName = "[No Variations]"
Add component (AddParameter): Name = "BOM_Supplier"; Value = "LCSC"; VariantName = "[No Variations]"
Add component (AddParameter): Name = "BOM_Supplier Part"; Value = "C118141"; VariantName = "[No Variations]"
Add component (AddParameter): Name = "Contributor"; Value = "LCEDA_Lib"; VariantName = "[No Variations]"
Add component (AddParameter): Name = "spicePre"; Value = "K"; VariantName = "[No Variations]"
Add component (AddParameter): Name = "spiceSymbolName"; Value = "K2-3.6×6.1_SMD"; VariantName = "[No Variations]"
Add component (AddParameter): Name = "制造商"; Value = "韩国韩荣"; VariantName = "[No Variations]"
Added Component: Designator=KEY2(KEY-SMD_2P-L6.2-W3.6-LS8.0)
Add component. Clean all parameters for all variants
Add component (AddParameter): Name = "BOM_Manufacturer Part"; Value = "K2-1107ST-A4SW-06"; VariantName = "[No Variations]"
Add component (AddParameter): Name = "BOM_Supplier"; Value = "LCSC"; VariantName = "[No Variations]"
Add component (AddParameter): Name = "BOM_Supplier Part"; Value = "C118141"; VariantName = "[No Variations]"
Add component (AddParameter): Name = "Contributor"; Value = "LCEDA_Lib"; VariantName = "[No Variations]"
Add component (AddParameter): Name = "spicePre"; Value = "K"; VariantName = "[No Variations]"
Add component (AddParameter): Name = "spiceSymbolName"; Value = "K2-3.6×6.1_SMD"; VariantName = "[No Variations]"
Add component (AddParameter): Name = "制造商"; Value = "韩国韩荣"; VariantName = "[No Variations]"
Added Component: Designator=KEY3(KEY-SMD_2P-L6.2-W3.6-LS8.0)
Add component. Clean all parameters for all variants
Add component (AddParameter): Name = "BOM_Manufacturer Part"; Value = "K2-1107ST-A4SW-06"; VariantName = "[No Variations]"
Add component (AddParameter): Name = "BOM_Supplier"; Value = "LCSC"; VariantName = "[No Variations]"
Add component (AddParameter): Name = "BOM_Supplier Part"; Value = "C118141"; VariantName = "[No Variations]"
Add component (AddParameter): Name = "Contributor"; Value = "LCEDA_Lib"; VariantName = "[No Variations]"
Add component (AddParameter): Name = "spicePre"; Value = "K"; VariantName = "[No Variations]"
Add component (AddParameter): Name = "spiceSymbolName"; Value = "K2-3.6×6.1_SMD"; VariantName = "[No Variations]"
Add component (AddParameter): Name = "制造商"; Value = "韩国韩荣"; VariantName = "[No Variations]"
Added Pin To Net: NetName=GND Pin=KEY1-1
Added Pin To Net: NetName=GND Pin=KEY2-1
Added Pin To Net: NetName=GND Pin=KEY3-1
Change Net Name : Old Net Name=NetLED3_1 New Net Name=NetLED1_1
Change Net Name : Old Net Name=NetR13_1 New Net Name=NetR8_1
Added Pin To Net: NetName=NetKEY1_2 Pin=KEY1-2
Added Pin To Net: NetName=NetKEY1_2 Pin=MCU1-2
Added Net: Name=NetKEY1_2
Added Pin To Net: NetName=NetKEY2_2 Pin=KEY2-2
Added Pin To Net: NetName=NetKEY2_2 Pin=MCU1-3
Added Net: Name=NetKEY2_2
Added Pin To Net: NetName=NetKEY3_2 Pin=KEY3-2
Added Pin To Net: NetName=NetKEY3_2 Pin=MCU1-4
Added Net: Name=NetKEY3_2
Added Member To Class: ClassName=part_1_2020-12-24_12-20-03 Member=Component KEY1 K2-3.6×6.1_SMD
Added Member To Class: ClassName=part_1_2020-12-24_12-20-03 Member=Component KEY2 K2-3.6×6.1_SMD
Added Member To Class: ClassName=part_1_2020-12-24_12-20-03 Member=Component KEY3 K2-3.6×6.1_SMD
Added Room: Name=part_1_2020-12-24_12-20-03
