Change Component Designator: OldDesignator=R6 NewDesignator=R7
Change Component Designator: OldDesignator=R7 NewDesignator=R6
Added Component: Designator=KEY1(KEY-SMD_2P-L6.2-W3.6-LS8.0)
Added Component: Designator=KEY2(KEY-SMD_2P-L6.2-W3.6-LS8.0)
Added Component: Designator=KEY3(KEY-SMD_2P-L6.2-W3.6-LS8.0)
Added Component: Designator=LED4(LED0805_GREEN)
Added Component: Designator=R12(R0805)
Added Pin To Net: NetName=GND Pin=KEY1-2
Added Pin To Net: NetName=GND Pin=KEY2-2
Added Pin To Net: NetName=GND Pin=KEY3-2
Added Pin To Net: NetName=NetLED4_1 Pin=LED4-1
Added Pin To Net: NetName=GND Pin=LED4-2
Added Pin To Net: NetName=NetLED4_1 Pin=R12-1
Added Pin To Net: NetName=+5V Pin=R12-2
Added Pin To Net: NetName=NetKEY1_1 Pin=KEY1-1
Added Pin To Net: NetName=NetKEY1_1 Pin=KEY2-1
Added Pin To Net: NetName=NetKEY1_1 Pin=MCU1-24
Added Pin To Net: NetName=NetKEY1_1 Pin=MCU1-25
Added Net: Name=NetKEY1_1
Added Pin To Net: NetName=NetKEY3_1 Pin=KEY3-1
Added Pin To Net: NetName=NetKEY3_1 Pin=MCU1-23
Added Net: Name=NetKEY3_1
Added Member To Class: ClassName=part_1_2020-12-24_12-20-03 Member=Component KEY1 K2-3.6¡Á6.1_SMD
Added Member To Class: ClassName=part_1_2020-12-24_12-20-03 Member=Component KEY2 K2-3.6¡Á6.1_SMD
Added Member To Class: ClassName=part_1_2020-12-24_12-20-03 Member=Component KEY3 K2-3.6¡Á6.1_SMD
Added Member To Class: ClassName=part_1_2020-12-24_12-20-03 Member=Component LED4 LED-0805_G
Added Member To Class: ClassName=part_1_2020-12-24_12-20-03 Member=Component R12 1K
Added Room: Name=part_1_2020-12-24_12-20-03
